# JRE version: OpenJDK Runtime Environment Temurin-17.0.7+7 (17.0.7+7) (build 17.0.7+7)
# Java VM: OpenJDK 64-Bit Server VM Temurin-17.0.7+7 (17.0.7+7, mixed mode, emulated-client, tiered, compressed oops, compressed class ptrs, g1 gc, windows-amd64)
GC Precious Log:
 CPUs: 8 total, 8 available
 Memory: 3889M
 Large Page Support: Disabled
 NUMA Support: Disabled
 Compressed Oops: Enabled (32-bit)
 Heap Region Size: 1M
 Heap Min Capacity: 8M
 Heap Initial Capacity: 62M
 Heap Max Capacity: 1G
 Pre-touch: Disabled
 Parallel Workers: 8
 Concurrent Workers: 2
 Concurrent Refinement Workers: 8
 Periodic GC: Disabled
Heap:
 garbage-first heap   total 330752K, used 141050K [0x00000000c0000000, 0x0000000100000000)
  region size 1024K, 16 young (16384K), 16 survivors (16384K)
 Metaspace       used 54730K, committed 55168K, reserved 1114112K
  class space    used 6633K, committed 6848K, reserved 1048576K
GC Heap History (20 events):
Event: 19.110 GC heap after
{Heap after GC invocations=21 (full 0):
 garbage-first heap   total 330752K, used 75544K [0x00000000c0000000, 0x0000000100000000)
  region size 1024K, 4 young (4096K), 4 survivors (4096K)
 Metaspace       used 42296K, committed 42752K, reserved 1114112K
  class space    used 5169K, committed 5376K, reserved 1048576K
}
Event: 19.652 GC heap before
{Heap before GC invocations=22 (full 0):
 garbage-first heap   total 330752K, used 223000K [0x00000000c0000000, 0x0000000100000000)
  region size 1024K, 150 young (153600K), 4 survivors (4096K)
 Metaspace       used 43671K, committed 44160K, reserved 1114112K
  class space    used 5273K, committed 5504K, reserved 1048576K
}
Event: 19.666 GC heap after
{Heap after GC invocations=23 (full 0):
 garbage-first heap   total 330752K, used 79652K [0x00000000c0000000, 0x0000000100000000)
  region size 1024K, 9 young (9216K), 9 survivors (9216K)
 Metaspace       used 43671K, committed 44160K, reserved 1114112K
  class space    used 5273K, committed 5504K, reserved 1048576K
}
Event: 19.677 GC heap before
{Heap before GC invocations=23 (full 0):
 garbage-first heap   total 330752K, used 85796K [0x00000000c0000000, 0x0000000100000000)
  region size 1024K, 16 young (16384K), 9 survivors (9216K)
 Metaspace       used 43728K, committed 44224K, reserved 1114112K
  class space    used 5276K, committed 5504K, reserved 1048576K
}
Event: 19.693 GC heap after
{Heap after GC invocations=24 (full 0):
 garbage-first heap   total 330752K, used 79402K [0x00000000c0000000, 0x0000000100000000)
  region size 1024K, 2 young (2048K), 2 survivors (2048K)
 Metaspace       used 43728K, committed 44224K, reserved 1114112K
  class space    used 5276K, committed 5504K, reserved 1048576K
}
Event: 20.043 GC heap before
{Heap before GC invocations=24 (full 0):
 garbage-first heap   total 330752K, used 251434K [0x00000000c0000000, 0x0000000100000000)
  region size 1024K, 171 young (175104K), 2 survivors (2048K)
 Metaspace       used 45559K, committed 46016K, reserved 1114112K
  class space    used 5511K, committed 5760K, reserved 1048576K
}
Event: 20.051 GC heap after
{Heap after GC invocations=25 (full 0):
 garbage-first heap   total 330752K, used 85855K [0x00000000c0000000, 0x0000000100000000)
  region size 1024K, 8 young (8192K), 8 survivors (8192K)
 Metaspace       used 45559K, committed 46016K, reserved 1114112K
  class space    used 5511K, committed 5760K, reserved 1048576K
}
Event: 20.790 GC heap before
{Heap before GC invocations=25 (full 0):
 garbage-first heap   total 330752K, used 258911K [0x00000000c0000000, 0x0000000100000000)
  region size 1024K, 178 young (182272K), 8 survivors (8192K)
 Metaspace       used 48187K, committed 48640K, reserved 1114112K
  class space    used 5853K, committed 6080K, reserved 1048576K
}
Event: 20.816 GC heap after
{Heap after GC invocations=26 (full 0):
 garbage-first heap   total 330752K, used 96039K [0x00000000c0000000, 0x0000000100000000)
  region size 1024K, 18 young (18432K), 18 survivors (18432K)
 Metaspace       used 48187K, committed 48640K, reserved 1114112K
  class space    used 5853K, committed 6080K, reserved 1048576K
}
Event: 21.462 GC heap before
{Heap before GC invocations=26 (full 0):
 garbage-first heap   total 330752K, used 261927K [0x00000000c0000000, 0x0000000100000000)
  region size 1024K, 181 young (185344K), 18 survivors (18432K)
 Metaspace       used 51780K, committed 52224K, reserved 1114112K
  class space    used 6238K, committed 6464K, reserved 1048576K
}
Event: 21.488 GC heap after
{Heap after GC invocations=27 (full 0):
 garbage-first heap   total 330752K, used 104304K [0x00000000c0000000, 0x0000000100000000)
  region size 1024K, 19 young (19456K), 19 survivors (19456K)
 Metaspace       used 51780K, committed 52224K, reserved 1114112K
  class space    used 6238K, committed 6464K, reserved 1048576K
}
Event: 21.883 GC heap before
{Heap before GC invocations=27 (full 0):
 garbage-first heap   total 330752K, used 266096K [0x00000000c0000000, 0x0000000100000000)
  region size 1024K, 178 young (182272K), 19 survivors (19456K)
 Metaspace       used 52923K, committed 53376K, reserved 1114112K
  class space    used 6407K, committed 6592K, reserved 1048576K
}
Event: 21.903 GC heap after
{Heap after GC invocations=28 (full 0):
 garbage-first heap   total 330752K, used 112100K [0x00000000c0000000, 0x0000000100000000)
  region size 1024K, 17 young (17408K), 17 survivors (17408K)
 Metaspace       used 52923K, committed 53376K, reserved 1114112K
  class space    used 6407K, committed 6592K, reserved 1048576K
}
Event: 22.231 GC heap before
{Heap before GC invocations=28 (full 0):
 garbage-first heap   total 330752K, used 269796K [0x00000000c0000000, 0x0000000100000000)
  region size 1024K, 172 young (176128K), 17 survivors (17408K)
 Metaspace       used 53389K, committed 53824K, reserved 1114112K
  class space    used 6460K, committed 6656K, reserved 1048576K
}
Event: 22.266 GC heap after
{Heap after GC invocations=29 (full 0):
 garbage-first heap   total 330752K, used 118169K [0x00000000c0000000, 0x0000000100000000)
  region size 1024K, 14 young (14336K), 14 survivors (14336K)
 Metaspace       used 53389K, committed 53824K, reserved 1114112K
  class space    used 6460K, committed 6656K, reserved 1048576K
}
Event: 22.598 GC heap before
{Heap before GC invocations=29 (full 0):
 garbage-first heap   total 330752K, used 272793K [0x00000000c0000000, 0x0000000100000000)
  region size 1024K, 166 young (169984K), 14 survivors (14336K)
 Metaspace       used 53905K, committed 54464K, reserved 1114112K
  class space    used 6523K, committed 6784K, reserved 1048576K
}
Event: 22.637 GC heap after
{Heap after GC invocations=30 (full 0):
 garbage-first heap   total 330752K, used 125153K [0x00000000c0000000, 0x0000000100000000)
  region size 1024K, 13 young (13312K), 13 survivors (13312K)
 Metaspace       used 53905K, committed 54464K, reserved 1114112K
  class space    used 6523K, committed 6784K, reserved 1048576K
}
Event: 22.888 GC heap before
{Heap before GC invocations=30 (full 0):
 garbage-first heap   total 330752K, used 274657K [0x00000000c0000000, 0x0000000100000000)
  region size 1024K, 160 young (163840K), 13 survivors (13312K)
 Metaspace       used 54384K, committed 54912K, reserved 1114112K
  class space    used 6588K, committed 6848K, reserved 1048576K
}
Event: 22.905 GC heap after
{Heap after GC invocations=31 (full 0):
 garbage-first heap   total 330752K, used 131750K [0x00000000c0000000, 0x0000000100000000)
  region size 1024K, 14 young (14336K), 14 survivors (14336K)
 Metaspace       used 54384K, committed 54912K, reserved 1114112K
  class space    used 6588K, committed 6848K, reserved 1048576K
}
Event: 23.124 GC heap before
{Heap before GC invocations=31 (full 0):
 garbage-first heap   total 330752K, used 276134K [0x00000000c0000000, 0x0000000100000000)
  region size 1024K, 156 young (159744K), 14 survivors (14336K)
 Metaspace       used 54730K, committed 55168K, reserved 1114112K
  class space    used 6633K, committed 6848K, reserved 1048576K
}

