# JRE version: OpenJDK Runtime Environment Temurin-17.0.7+7 (17.0.7+7) (build 17.0.7+7)
# Java VM: OpenJDK 64-Bit Server VM Temurin-17.0.7+7 (17.0.7+7, mixed mode, emulated-client, tiered, compressed oops, compressed class ptrs, g1 gc, windows-amd64)
GC Precious Log:
 CPUs: 8 total, 8 available
 Memory: 3889M
 Large Page Support: Disabled
 NUMA Support: Disabled
 Compressed Oops: Enabled (32-bit)
 Heap Region Size: 1M
 Heap Min Capacity: 8M
 Heap Initial Capacity: 62M
 Heap Max Capacity: 1G
 Pre-touch: Disabled
 Parallel Workers: 8
 Concurrent Workers: 2
 Concurrent Refinement Workers: 8
 Periodic GC: Disabled
Heap:
 garbage-first heap   total 219136K, used 79454K [0x00000000c0000000, 0x0000000100000000)
  region size 1024K, 1 young (1024K), 0 survivors (0K)
 Metaspace       used 74211K, committed 74688K, reserved 1114112K
  class space    used 9762K, committed 9984K, reserved 1048576K
GC Heap History (20 events):
Event: 4792.027 GC heap before
{Heap before GC invocations=531 (full 402):
 garbage-first heap   total 219136K, used 79454K [0x00000000c0000000, 0x0000000100000000)
  region size 1024K, 1 young (1024K), 0 survivors (0K)
 Metaspace       used 74211K, committed 74688K, reserved 1114112K
  class space    used 9762K, committed 9984K, reserved 1048576K
}
Event: 4792.092 GC heap after
{Heap after GC invocations=532 (full 403):
 garbage-first heap   total 219136K, used 79454K [0x00000000c0000000, 0x0000000100000000)
  region size 1024K, 0 young (0K), 0 survivors (0K)
 Metaspace       used 74211K, committed 74688K, reserved 1114112K
  class space    used 9762K, committed 9984K, reserved 1048576K
}
Event: 4802.291 GC heap before
{Heap before GC invocations=532 (full 403):
 garbage-first heap   total 219136K, used 79454K [0x00000000c0000000, 0x0000000100000000)
  region size 1024K, 1 young (1024K), 0 survivors (0K)
 Metaspace       used 74211K, committed 74688K, reserved 1114112K
  class space    used 9762K, committed 9984K, reserved 1048576K
}
Event: 4802.433 GC heap after
{Heap after GC invocations=533 (full 404):
 garbage-first heap   total 219136K, used 79454K [0x00000000c0000000, 0x0000000100000000)
  region size 1024K, 0 young (0K), 0 survivors (0K)
 Metaspace       used 74211K, committed 74688K, reserved 1114112K
  class space    used 9762K, committed 9984K, reserved 1048576K
}
Event: 4813.257 GC heap before
{Heap before GC invocations=533 (full 404):
 garbage-first heap   total 219136K, used 79454K [0x00000000c0000000, 0x0000000100000000)
  region size 1024K, 1 young (1024K), 0 survivors (0K)
 Metaspace       used 74211K, committed 74688K, reserved 1114112K
  class space    used 9762K, committed 9984K, reserved 1048576K
}
Event: 4814.033 GC heap after
{Heap after GC invocations=534 (full 405):
 garbage-first heap   total 219136K, used 79454K [0x00000000c0000000, 0x0000000100000000)
  region size 1024K, 0 young (0K), 0 survivors (0K)
 Metaspace       used 74211K, committed 74688K, reserved 1114112K
  class space    used 9762K, committed 9984K, reserved 1048576K
}
Event: 4824.435 GC heap before
{Heap before GC invocations=534 (full 405):
 garbage-first heap   total 219136K, used 79454K [0x00000000c0000000, 0x0000000100000000)
  region size 1024K, 1 young (1024K), 0 survivors (0K)
 Metaspace       used 74211K, committed 74688K, reserved 1114112K
  class space    used 9762K, committed 9984K, reserved 1048576K
}
Event: 4825.688 GC heap after
{Heap after GC invocations=535 (full 406):
 garbage-first heap   total 219136K, used 79454K [0x00000000c0000000, 0x0000000100000000)
  region size 1024K, 0 young (0K), 0 survivors (0K)
 Metaspace       used 74211K, committed 74688K, reserved 1114112K
  class space    used 9762K, committed 9984K, reserved 1048576K
}
Event: 4836.674 GC heap before
{Heap before GC invocations=535 (full 406):
 garbage-first heap   total 219136K, used 79454K [0x00000000c0000000, 0x0000000100000000)
  region size 1024K, 1 young (1024K), 0 survivors (0K)
 Metaspace       used 74211K, committed 74688K, reserved 1114112K
  class space    used 9762K, committed 9984K, reserved 1048576K
}
Event: 4837.275 GC heap after
{Heap after GC invocations=536 (full 407):
 garbage-first heap   total 219136K, used 79454K [0x00000000c0000000, 0x0000000100000000)
  region size 1024K, 0 young (0K), 0 survivors (0K)
 Metaspace       used 74211K, committed 74688K, reserved 1114112K
  class space    used 9762K, committed 9984K, reserved 1048576K
}
Event: 4848.068 GC heap before
{Heap before GC invocations=536 (full 407):
 garbage-first heap   total 219136K, used 79454K [0x00000000c0000000, 0x0000000100000000)
  region size 1024K, 1 young (1024K), 0 survivors (0K)
 Metaspace       used 74211K, committed 74688K, reserved 1114112K
  class space    used 9762K, committed 9984K, reserved 1048576K
}
Event: 4849.115 GC heap after
{Heap after GC invocations=537 (full 408):
 garbage-first heap   total 219136K, used 79454K [0x00000000c0000000, 0x0000000100000000)
  region size 1024K, 0 young (0K), 0 survivors (0K)
 Metaspace       used 74211K, committed 74688K, reserved 1114112K
  class space    used 9762K, committed 9984K, reserved 1048576K
}
Event: 4860.629 GC heap before
{Heap before GC invocations=537 (full 408):
 garbage-first heap   total 219136K, used 79454K [0x00000000c0000000, 0x0000000100000000)
  region size 1024K, 1 young (1024K), 0 survivors (0K)
 Metaspace       used 74211K, committed 74688K, reserved 1114112K
  class space    used 9762K, committed 9984K, reserved 1048576K
}
Event: 4860.780 GC heap after
{Heap after GC invocations=538 (full 409):
 garbage-first heap   total 219136K, used 79454K [0x00000000c0000000, 0x0000000100000000)
  region size 1024K, 0 young (0K), 0 survivors (0K)
 Metaspace       used 74211K, committed 74688K, reserved 1114112K
  class space    used 9762K, committed 9984K, reserved 1048576K
}
Event: 4874.056 GC heap before
{Heap before GC invocations=538 (full 409):
 garbage-first heap   total 219136K, used 79454K [0x00000000c0000000, 0x0000000100000000)
  region size 1024K, 1 young (1024K), 0 survivors (0K)
 Metaspace       used 74211K, committed 74688K, reserved 1114112K
  class space    used 9762K, committed 9984K, reserved 1048576K
}
Event: 4874.398 GC heap after
{Heap after GC invocations=539 (full 410):
 garbage-first heap   total 219136K, used 79454K [0x00000000c0000000, 0x0000000100000000)
  region size 1024K, 0 young (0K), 0 survivors (0K)
 Metaspace       used 74211K, committed 74688K, reserved 1114112K
  class space    used 9762K, committed 9984K, reserved 1048576K
}
Event: 4884.634 GC heap before
{Heap before GC invocations=539 (full 410):
 garbage-first heap   total 219136K, used 79454K [0x00000000c0000000, 0x0000000100000000)
  region size 1024K, 1 young (1024K), 0 survivors (0K)
 Metaspace       used 74211K, committed 74688K, reserved 1114112K
  class space    used 9762K, committed 9984K, reserved 1048576K
}
Event: 4884.865 GC heap after
{Heap after GC invocations=540 (full 411):
 garbage-first heap   total 219136K, used 79454K [0x00000000c0000000, 0x0000000100000000)
  region size 1024K, 0 young (0K), 0 survivors (0K)
 Metaspace       used 74211K, committed 74688K, reserved 1114112K
  class space    used 9762K, committed 9984K, reserved 1048576K
}
Event: 4895.108 GC heap before
{Heap before GC invocations=540 (full 411):
 garbage-first heap   total 219136K, used 79454K [0x00000000c0000000, 0x0000000100000000)
  region size 1024K, 1 young (1024K), 0 survivors (0K)
 Metaspace       used 74211K, committed 74688K, reserved 1114112K
  class space    used 9762K, committed 9984K, reserved 1048576K
}
Event: 4895.350 GC heap after
{Heap after GC invocations=541 (full 412):
 garbage-first heap   total 219136K, used 79454K [0x00000000c0000000, 0x0000000100000000)
  region size 1024K, 0 young (0K), 0 survivors (0K)
 Metaspace       used 74211K, committed 74688K, reserved 1114112K
  class space    used 9762K, committed 9984K, reserved 1048576K
}

