# JRE version: OpenJDK Runtime Environment Temurin-17.0.7+7 (17.0.7+7) (build 17.0.7+7)
# Java VM: OpenJDK 64-Bit Server VM Temurin-17.0.7+7 (17.0.7+7, mixed mode, emulated-client, tiered, compressed oops, compressed class ptrs, g1 gc, windows-amd64)
GC Precious Log:
 CPUs: 8 total, 8 available
 Memory: 3889M
 Large Page Support: Disabled
 NUMA Support: Disabled
 Compressed Oops: Enabled (32-bit)
 Heap Region Size: 1M
 Heap Min Capacity: 8M
 Heap Initial Capacity: 62M
 Heap Max Capacity: 1G
 Pre-touch: Disabled
 Parallel Workers: 8
 Concurrent Workers: 2
 Concurrent Refinement Workers: 8
 Periodic GC: Disabled
Heap:
 garbage-first heap   total 456704K, used 143878K [0x00000000c0000000, 0x0000000100000000)
  region size 1024K, 26 young (26624K), 26 survivors (26624K)
 Metaspace       used 53322K, committed 53760K, reserved 1114112K
  class space    used 6440K, committed 6656K, reserved 1048576K
GC Heap History (20 events):
Event: 5.269 GC heap after
{Heap after GC invocations=18 (full 0):
 garbage-first heap   total 217088K, used 72862K [0x00000000c0000000, 0x0000000100000000)
  region size 1024K, 3 young (3072K), 3 survivors (3072K)
 Metaspace       used 41436K, committed 41856K, reserved 1114112K
  class space    used 5088K, committed 5312K, reserved 1048576K
}
Event: 5.345 GC heap before
{Heap before GC invocations=19 (full 0):
 garbage-first heap   total 217088K, used 132254K [0x00000000c0000000, 0x0000000100000000)
  region size 1024K, 63 young (64512K), 3 survivors (3072K)
 Metaspace       used 41591K, committed 42048K, reserved 1114112K
  class space    used 5114K, committed 5312K, reserved 1048576K
}
Event: 5.351 GC heap after
{Heap after GC invocations=20 (full 0):
 garbage-first heap   total 217088K, used 74622K [0x00000000c0000000, 0x0000000100000000)
  region size 1024K, 6 young (6144K), 6 survivors (6144K)
 Metaspace       used 41591K, committed 42048K, reserved 1114112K
  class space    used 5114K, committed 5312K, reserved 1048576K
}
Event: 5.355 GC heap before
{Heap before GC invocations=20 (full 0):
 garbage-first heap   total 217088K, used 77694K [0x00000000c0000000, 0x0000000100000000)
  region size 1024K, 10 young (10240K), 6 survivors (6144K)
 Metaspace       used 41598K, committed 42048K, reserved 1114112K
  class space    used 5116K, committed 5312K, reserved 1048576K
}
Event: 5.359 GC heap after
{Heap after GC invocations=21 (full 0):
 garbage-first heap   total 217088K, used 75093K [0x00000000c0000000, 0x0000000100000000)
  region size 1024K, 1 young (1024K), 1 survivors (1024K)
 Metaspace       used 41598K, committed 42048K, reserved 1114112K
  class space    used 5116K, committed 5312K, reserved 1048576K
}
Event: 5.429 GC heap before
{Heap before GC invocations=21 (full 0):
 garbage-first heap   total 217088K, used 152917K [0x00000000c0000000, 0x0000000100000000)
  region size 1024K, 78 young (79872K), 1 survivors (1024K)
 Metaspace       used 41791K, committed 42304K, reserved 1114112K
  class space    used 5136K, committed 5376K, reserved 1048576K
}
Event: 5.432 GC heap after
{Heap after GC invocations=22 (full 0):
 garbage-first heap   total 217088K, used 77808K [0x00000000c0000000, 0x0000000100000000)
  region size 1024K, 4 young (4096K), 4 survivors (4096K)
 Metaspace       used 41791K, committed 42304K, reserved 1114112K
  class space    used 5136K, committed 5376K, reserved 1048576K
}
Event: 5.502 GC heap before
{Heap before GC invocations=22 (full 0):
 garbage-first heap   total 217088K, used 158704K [0x00000000c0000000, 0x0000000100000000)
  region size 1024K, 84 young (86016K), 4 survivors (4096K)
 Metaspace       used 42387K, committed 42880K, reserved 1114112K
  class space    used 5193K, committed 5440K, reserved 1048576K
}
Event: 5.508 GC heap after
{Heap after GC invocations=23 (full 0):
 garbage-first heap   total 217088K, used 81142K [0x00000000c0000000, 0x0000000100000000)
  region size 1024K, 7 young (7168K), 7 survivors (7168K)
 Metaspace       used 42387K, committed 42880K, reserved 1114112K
  class space    used 5193K, committed 5440K, reserved 1048576K
}
Event: 5.571 GC heap before
{Heap before GC invocations=23 (full 0):
 garbage-first heap   total 217088K, used 165110K [0x00000000c0000000, 0x0000000100000000)
  region size 1024K, 90 young (92160K), 7 survivors (7168K)
 Metaspace       used 42852K, committed 43328K, reserved 1114112K
  class space    used 5213K, committed 5440K, reserved 1048576K
}
Event: 5.581 GC heap after
{Heap after GC invocations=24 (full 0):
 garbage-first heap   total 456704K, used 84134K [0x00000000c0000000, 0x0000000100000000)
  region size 1024K, 7 young (7168K), 7 survivors (7168K)
 Metaspace       used 42852K, committed 43328K, reserved 1114112K
  class space    used 5213K, committed 5440K, reserved 1048576K
}
Event: 5.996 GC heap before
{Heap before GC invocations=24 (full 0):
 garbage-first heap   total 456704K, used 347302K [0x00000000c0000000, 0x0000000100000000)
  region size 1024K, 265 young (271360K), 7 survivors (7168K)
 Metaspace       used 44612K, committed 45056K, reserved 1114112K
  class space    used 5397K, committed 5632K, reserved 1048576K
}
Event: 6.017 GC heap after
{Heap after GC invocations=25 (full 0):
 garbage-first heap   total 456704K, used 94705K [0x00000000c0000000, 0x0000000100000000)
  region size 1024K, 17 young (17408K), 17 survivors (17408K)
 Metaspace       used 44612K, committed 45056K, reserved 1114112K
  class space    used 5397K, committed 5632K, reserved 1048576K
}
Event: 6.562 GC heap before
{Heap before GC invocations=25 (full 0):
 garbage-first heap   total 456704K, used 349681K [0x00000000c0000000, 0x0000000100000000)
  region size 1024K, 267 young (273408K), 17 survivors (17408K)
 Metaspace       used 47510K, committed 48000K, reserved 1114112K
  class space    used 5760K, committed 6016K, reserved 1048576K
}
Event: 6.745 GC heap after
{Heap after GC invocations=26 (full 0):
 garbage-first heap   total 456704K, used 106937K [0x00000000c0000000, 0x0000000100000000)
  region size 1024K, 29 young (29696K), 29 survivors (29696K)
 Metaspace       used 47510K, committed 48000K, reserved 1114112K
  class space    used 5760K, committed 6016K, reserved 1048576K
}
Event: 7.446 GC heap before
{Heap before GC invocations=26 (full 0):
 garbage-first heap   total 456704K, used 349625K [0x00000000c0000000, 0x0000000100000000)
  region size 1024K, 267 young (273408K), 29 survivors (29696K)
 Metaspace       used 50133K, committed 50624K, reserved 1114112K
  class space    used 6052K, committed 6272K, reserved 1048576K
}
Event: 7.629 GC heap after
{Heap after GC invocations=27 (full 0):
 garbage-first heap   total 456704K, used 118148K [0x00000000c0000000, 0x0000000100000000)
  region size 1024K, 24 young (24576K), 24 survivors (24576K)
 Metaspace       used 50133K, committed 50624K, reserved 1114112K
  class space    used 6052K, committed 6272K, reserved 1048576K
}
Event: 8.075 GC heap before
{Heap before GC invocations=27 (full 0):
 garbage-first heap   total 456704K, used 365956K [0x00000000c0000000, 0x0000000100000000)
  region size 1024K, 267 young (273408K), 24 survivors (24576K)
 Metaspace       used 52256K, committed 52672K, reserved 1114112K
  class space    used 6310K, committed 6528K, reserved 1048576K
}
Event: 8.216 GC heap after
{Heap after GC invocations=28 (full 0):
 garbage-first heap   total 456704K, used 127488K [0x00000000c0000000, 0x0000000100000000)
  region size 1024K, 21 young (21504K), 21 survivors (21504K)
 Metaspace       used 52256K, committed 52672K, reserved 1114112K
  class space    used 6310K, committed 6528K, reserved 1048576K
}
Event: 8.620 GC heap before
{Heap before GC invocations=28 (full 0):
 garbage-first heap   total 456704K, used 376320K [0x00000000c0000000, 0x0000000100000000)
  region size 1024K, 265 young (271360K), 21 survivors (21504K)
 Metaspace       used 53322K, committed 53760K, reserved 1114112K
  class space    used 6440K, committed 6656K, reserved 1048576K
}

