# JRE version: OpenJDK Runtime Environment Temurin-17.0.7+7 (17.0.7+7) (build 17.0.7+7)
# Java VM: OpenJDK 64-Bit Server VM Temurin-17.0.7+7 (17.0.7+7, mixed mode, emulated-client, tiered, compressed oops, compressed class ptrs, g1 gc, windows-amd64)
GC Precious Log:
 CPUs: 8 total, 8 available
 Memory: 3889M
 Large Page Support: Disabled
 NUMA Support: Disabled
 Compressed Oops: Enabled (32-bit)
 Heap Region Size: 1M
 Heap Min Capacity: 8M
 Heap Initial Capacity: 62M
 Heap Max Capacity: 1G
 Pre-touch: Disabled
 Parallel Workers: 8
 Concurrent Workers: 2
 Concurrent Refinement Workers: 8
 Periodic GC: Disabled
Heap:
 garbage-first heap   total 245760K, used 91066K [0x00000000c0000000, 0x0000000100000000)
  region size 1024K, 10 young (10240K), 10 survivors (10240K)
 Metaspace       used 43215K, committed 43648K, reserved 1114112K
  class space    used 5228K, committed 5440K, reserved 1048576K
GC Heap History (20 events):
Event: 4.867 GC heap after
{Heap after GC invocations=14 (full 0):
 garbage-first heap   total 122880K, used 40772K [0x00000000c0000000, 0x0000000100000000)
  region size 1024K, 3 young (3072K), 3 survivors (3072K)
 Metaspace       used 39573K, committed 40000K, reserved 1114112K
  class space    used 4930K, committed 5120K, reserved 1048576K
}
Event: 5.140 GC heap before
{Heap before GC invocations=15 (full 0):
 garbage-first heap   total 122880K, used 86852K [0x00000000c0000000, 0x0000000100000000)
  region size 1024K, 49 young (50176K), 3 survivors (3072K)
 Metaspace       used 41104K, committed 41472K, reserved 1114112K
  class space    used 5037K, committed 5184K, reserved 1048576K
}
Event: 5.152 GC heap after
{Heap after GC invocations=16 (full 0):
 garbage-first heap   total 122880K, used 49983K [0x00000000c0000000, 0x0000000100000000)
  region size 1024K, 7 young (7168K), 7 survivors (7168K)
 Metaspace       used 41104K, committed 41472K, reserved 1114112K
  class space    used 5037K, committed 5184K, reserved 1048576K
}
Event: 5.282 GC heap before
{Heap before GC invocations=16 (full 0):
 garbage-first heap   total 122880K, used 90943K [0x00000000c0000000, 0x0000000100000000)
  region size 1024K, 46 young (47104K), 7 survivors (7168K)
 Metaspace       used 41462K, committed 41856K, reserved 1114112K
  class space    used 5101K, committed 5248K, reserved 1048576K
}
Event: 5.319 GC heap after
{Heap after GC invocations=17 (full 0):
 garbage-first heap   total 122880K, used 71481K [0x00000000c0000000, 0x0000000100000000)
  region size 1024K, 6 young (6144K), 6 survivors (6144K)
 Metaspace       used 41462K, committed 41856K, reserved 1114112K
  class space    used 5101K, committed 5248K, reserved 1048576K
}
Event: 5.344 GC heap before
{Heap before GC invocations=17 (full 0):
 garbage-first heap   total 122880K, used 88889K [0x00000000c0000000, 0x0000000100000000)
  region size 1024K, 24 young (24576K), 6 survivors (6144K)
 Metaspace       used 41501K, committed 41984K, reserved 1114112K
  class space    used 5110K, committed 5312K, reserved 1048576K
}
Event: 5.347 GC heap after
{Heap after GC invocations=18 (full 0):
 garbage-first heap   total 122880K, used 73580K [0x00000000c0000000, 0x0000000100000000)
  region size 1024K, 2 young (2048K), 2 survivors (2048K)
 Metaspace       used 41501K, committed 41984K, reserved 1114112K
  class space    used 5110K, committed 5312K, reserved 1048576K
}
Event: 5.364 GC heap before
{Heap before GC invocations=18 (full 0):
 garbage-first heap   total 122880K, used 90988K [0x00000000c0000000, 0x0000000100000000)
  region size 1024K, 20 young (20480K), 2 survivors (2048K)
 Metaspace       used 41544K, committed 41984K, reserved 1114112K
  class space    used 5112K, committed 5312K, reserved 1048576K
}
Event: 5.366 GC heap after
{Heap after GC invocations=19 (full 0):
 garbage-first heap   total 122880K, used 74208K [0x00000000c0000000, 0x0000000100000000)
  region size 1024K, 2 young (2048K), 2 survivors (2048K)
 Metaspace       used 41544K, committed 41984K, reserved 1114112K
  class space    used 5112K, committed 5312K, reserved 1048576K
}
Event: 5.378 GC heap before
{Heap before GC invocations=19 (full 0):
 garbage-first heap   total 122880K, used 93664K [0x00000000c0000000, 0x0000000100000000)
  region size 1024K, 22 young (22528K), 2 survivors (2048K)
 Metaspace       used 41610K, committed 42112K, reserved 1114112K
  class space    used 5120K, committed 5376K, reserved 1048576K
}
Event: 5.380 GC heap after
{Heap after GC invocations=20 (full 0):
 garbage-first heap   total 245760K, used 75277K [0x00000000c0000000, 0x0000000100000000)
  region size 1024K, 2 young (2048K), 2 survivors (2048K)
 Metaspace       used 41610K, committed 42112K, reserved 1114112K
  class space    used 5120K, committed 5376K, reserved 1048576K
}
Event: 5.499 GC heap before
{Heap before GC invocations=21 (full 0):
 garbage-first heap   total 245760K, used 157197K [0x00000000c0000000, 0x0000000100000000)
  region size 1024K, 84 young (86016K), 2 survivors (2048K)
 Metaspace       used 42198K, committed 42688K, reserved 1114112K
  class space    used 5175K, committed 5440K, reserved 1048576K
}
Event: 5.504 GC heap after
{Heap after GC invocations=22 (full 0):
 garbage-first heap   total 245760K, used 77469K [0x00000000c0000000, 0x0000000100000000)
  region size 1024K, 5 young (5120K), 5 survivors (5120K)
 Metaspace       used 42198K, committed 42688K, reserved 1114112K
  class space    used 5175K, committed 5440K, reserved 1048576K
}
Event: 5.507 GC heap before
{Heap before GC invocations=22 (full 0):
 garbage-first heap   total 245760K, used 83613K [0x00000000c0000000, 0x0000000100000000)
  region size 1024K, 12 young (12288K), 5 survivors (5120K)
 Metaspace       used 42198K, committed 42688K, reserved 1114112K
  class space    used 5175K, committed 5440K, reserved 1048576K
}
Event: 5.511 GC heap after
{Heap after GC invocations=23 (full 0):
 garbage-first heap   total 245760K, used 77901K [0x00000000c0000000, 0x0000000100000000)
  region size 1024K, 1 young (1024K), 1 survivors (1024K)
 Metaspace       used 42198K, committed 42688K, reserved 1114112K
  class space    used 5175K, committed 5440K, reserved 1048576K
}
Event: 5.582 GC heap before
{Heap before GC invocations=23 (full 0):
 garbage-first heap   total 245760K, used 187469K [0x00000000c0000000, 0x0000000100000000)
  region size 1024K, 109 young (111616K), 1 survivors (1024K)
 Metaspace       used 42640K, committed 43136K, reserved 1114112K
  class space    used 5187K, committed 5440K, reserved 1048576K
}
Event: 5.587 GC heap after
{Heap after GC invocations=24 (full 0):
 garbage-first heap   total 245760K, used 82239K [0x00000000c0000000, 0x0000000100000000)
  region size 1024K, 6 young (6144K), 6 survivors (6144K)
 Metaspace       used 42640K, committed 43136K, reserved 1114112K
  class space    used 5187K, committed 5440K, reserved 1048576K
}
Event: 5.635 GC heap before
{Heap before GC invocations=24 (full 0):
 garbage-first heap   total 245760K, used 191807K [0x00000000c0000000, 0x0000000100000000)
  region size 1024K, 114 young (116736K), 6 survivors (6144K)
 Metaspace       used 42935K, committed 43392K, reserved 1114112K
  class space    used 5214K, committed 5440K, reserved 1048576K
}
Event: 5.643 GC heap after
{Heap after GC invocations=25 (full 0):
 garbage-first heap   total 245760K, used 86271K [0x00000000c0000000, 0x0000000100000000)
  region size 1024K, 9 young (9216K), 9 survivors (9216K)
 Metaspace       used 42935K, committed 43392K, reserved 1114112K
  class space    used 5214K, committed 5440K, reserved 1048576K
}
Event: 5.690 GC heap before
{Heap before GC invocations=25 (full 0):
 garbage-first heap   total 245760K, used 196863K [0x00000000c0000000, 0x0000000100000000)
  region size 1024K, 118 young (120832K), 9 survivors (9216K)
 Metaspace       used 43215K, committed 43648K, reserved 1114112K
  class space    used 5228K, committed 5440K, reserved 1048576K
}

