# JRE version: OpenJDK Runtime Environment Temurin-17.0.7+7 (17.0.7+7) (build 17.0.7+7)
# Java VM: OpenJDK 64-Bit Server VM Temurin-17.0.7+7 (17.0.7+7, mixed mode, emulated-client, tiered, compressed oops, compressed class ptrs, g1 gc, windows-amd64)
GC Precious Log:
 CPUs: 8 total, 8 available
 Memory: 3889M
 Large Page Support: Disabled
 NUMA Support: Disabled
 Compressed Oops: Enabled (32-bit)
 Heap Region Size: 1M
 Heap Min Capacity: 8M
 Heap Initial Capacity: 62M
 Heap Max Capacity: 1G
 Pre-touch: Disabled
 Parallel Workers: 8
 Concurrent Workers: 2
 Concurrent Refinement Workers: 8
 Periodic GC: Disabled
Heap:
 garbage-first heap   total 195584K, used 80909K [0x00000000c0000000, 0x0000000100000000)
  region size 1024K, 5 young (5120K), 5 survivors (5120K)
 Metaspace       used 45912K, committed 46400K, reserved 1114112K
  class space    used 5537K, committed 5760K, reserved 1048576K
GC Heap History (20 events):
Event: 25.875 GC heap after
{Heap after GC invocations=21 (full 0):
 garbage-first heap   total 66560K, used 34107K [0x00000000c0000000, 0x0000000100000000)
  region size 1024K, 2 young (2048K), 2 survivors (2048K)
 Metaspace       used 38995K, committed 39424K, reserved 1114112K
  class space    used 4871K, committed 5056K, reserved 1048576K
}
Event: 25.880 GC heap before
{Heap before GC invocations=21 (full 0):
 garbage-first heap   total 66560K, used 35131K [0x00000000c0000000, 0x0000000100000000)
  region size 1024K, 3 young (3072K), 2 survivors (2048K)
 Metaspace       used 39036K, committed 39424K, reserved 1114112K
  class space    used 4878K, committed 5056K, reserved 1048576K
}
Event: 25.883 GC heap after
{Heap after GC invocations=22 (full 0):
 garbage-first heap   total 66560K, used 33789K [0x00000000c0000000, 0x0000000100000000)
  region size 1024K, 1 young (1024K), 1 survivors (1024K)
 Metaspace       used 39036K, committed 39424K, reserved 1114112K
  class space    used 4878K, committed 5056K, reserved 1048576K
}
Event: 25.975 GC heap before
{Heap before GC invocations=22 (full 0):
 garbage-first heap   total 66560K, used 50173K [0x00000000c0000000, 0x0000000100000000)
  region size 1024K, 17 young (17408K), 1 survivors (1024K)
 Metaspace       used 39411K, committed 39808K, reserved 1114112K
  class space    used 4915K, committed 5120K, reserved 1048576K
}
Event: 25.978 GC heap after
{Heap after GC invocations=23 (full 0):
 garbage-first heap   total 66560K, used 36372K [0x00000000c0000000, 0x0000000100000000)
  region size 1024K, 3 young (3072K), 3 survivors (3072K)
 Metaspace       used 39411K, committed 39808K, reserved 1114112K
  class space    used 4915K, committed 5120K, reserved 1048576K
}
Event: 26.082 GC heap before
{Heap before GC invocations=24 (full 0):
 garbage-first heap   total 70656K, used 51732K [0x00000000c0000000, 0x0000000100000000)
  region size 1024K, 18 young (18432K), 3 survivors (3072K)
 Metaspace       used 39548K, committed 40000K, reserved 1114112K
  class space    used 4930K, committed 5120K, reserved 1048576K
}
Event: 26.092 GC heap after
{Heap after GC invocations=25 (full 0):
 garbage-first heap   total 70656K, used 40778K [0x00000000c0000000, 0x0000000100000000)
  region size 1024K, 3 young (3072K), 3 survivors (3072K)
 Metaspace       used 39548K, committed 40000K, reserved 1114112K
  class space    used 4930K, committed 5120K, reserved 1048576K
}
Event: 26.163 GC heap before
{Heap before GC invocations=25 (full 0):
 garbage-first heap   total 70656K, used 55114K [0x00000000c0000000, 0x0000000100000000)
  region size 1024K, 17 young (17408K), 3 survivors (3072K)
 Metaspace       used 39692K, committed 40128K, reserved 1114112K
  class space    used 4938K, committed 5120K, reserved 1048576K
}
Event: 26.173 GC heap after
{Heap after GC invocations=26 (full 0):
 garbage-first heap   total 195584K, used 44562K [0x00000000c0000000, 0x0000000100000000)
  region size 1024K, 3 young (3072K), 3 survivors (3072K)
 Metaspace       used 39692K, committed 40128K, reserved 1114112K
  class space    used 4938K, committed 5120K, reserved 1048576K
}
Event: 28.706 GC heap before
{Heap before GC invocations=27 (full 0):
 garbage-first heap   total 178176K, used 127506K [0x00000000c0000000, 0x0000000100000000)
  region size 1024K, 83 young (84992K), 3 survivors (3072K)
 Metaspace       used 43774K, committed 44224K, reserved 1114112K
  class space    used 5269K, committed 5504K, reserved 1048576K
}
Event: 28.839 GC heap after
{Heap after GC invocations=28 (full 0):
 garbage-first heap   total 178176K, used 71358K [0x00000000c0000000, 0x0000000100000000)
  region size 1024K, 11 young (11264K), 11 survivors (11264K)
 Metaspace       used 43774K, committed 44224K, reserved 1114112K
  class space    used 5269K, committed 5504K, reserved 1048576K
}
Event: 28.864 GC heap before
{Heap before GC invocations=28 (full 0):
 garbage-first heap   total 178176K, used 72382K [0x00000000c0000000, 0x0000000100000000)
  region size 1024K, 12 young (12288K), 11 survivors (11264K)
 Metaspace       used 43798K, committed 44288K, reserved 1114112K
  class space    used 5273K, committed 5504K, reserved 1048576K
}
Event: 28.895 GC heap after
{Heap after GC invocations=29 (full 0):
 garbage-first heap   total 178176K, used 73294K [0x00000000c0000000, 0x0000000100000000)
  region size 1024K, 1 young (1024K), 1 survivors (1024K)
 Metaspace       used 43798K, committed 44288K, reserved 1114112K
  class space    used 5273K, committed 5504K, reserved 1048576K
}
Event: 29.048 GC heap before
{Heap before GC invocations=29 (full 0):
 garbage-first heap   total 178176K, used 115278K [0x00000000c0000000, 0x0000000100000000)
  region size 1024K, 43 young (44032K), 1 survivors (1024K)
 Metaspace       used 44192K, committed 44672K, reserved 1114112K
  class space    used 5321K, committed 5568K, reserved 1048576K
}
Event: 29.052 GC heap after
{Heap after GC invocations=30 (full 0):
 garbage-first heap   total 178176K, used 74741K [0x00000000c0000000, 0x0000000100000000)
  region size 1024K, 3 young (3072K), 3 survivors (3072K)
 Metaspace       used 44192K, committed 44672K, reserved 1114112K
  class space    used 5321K, committed 5568K, reserved 1048576K
}
Event: 29.290 GC heap before
{Heap before GC invocations=30 (full 0):
 garbage-first heap   total 178176K, used 119797K [0x00000000c0000000, 0x0000000100000000)
  region size 1024K, 48 young (49152K), 3 survivors (3072K)
 Metaspace       used 44943K, committed 45376K, reserved 1114112K
  class space    used 5404K, committed 5632K, reserved 1048576K
}
Event: 29.297 GC heap after
{Heap after GC invocations=31 (full 0):
 garbage-first heap   total 178176K, used 76424K [0x00000000c0000000, 0x0000000100000000)
  region size 1024K, 4 young (4096K), 4 survivors (4096K)
 Metaspace       used 44943K, committed 45376K, reserved 1114112K
  class space    used 5404K, committed 5632K, reserved 1048576K
}
Event: 29.522 GC heap before
{Heap before GC invocations=31 (full 0):
 garbage-first heap   total 178176K, used 126600K [0x00000000c0000000, 0x0000000100000000)
  region size 1024K, 54 young (55296K), 4 survivors (4096K)
 Metaspace       used 45339K, committed 45760K, reserved 1114112K
  class space    used 5482K, committed 5696K, reserved 1048576K
}
Event: 29.689 GC heap after
{Heap after GC invocations=32 (full 0):
 garbage-first heap   total 178176K, used 78546K [0x00000000c0000000, 0x0000000100000000)
  region size 1024K, 4 young (4096K), 4 survivors (4096K)
 Metaspace       used 45339K, committed 45760K, reserved 1114112K
  class space    used 5482K, committed 5696K, reserved 1048576K
}
Event: 30.063 GC heap before
{Heap before GC invocations=32 (full 0):
 garbage-first heap   total 178176K, used 122578K [0x00000000c0000000, 0x0000000100000000)
  region size 1024K, 48 young (49152K), 4 survivors (4096K)
 Metaspace       used 45912K, committed 46400K, reserved 1114112K
  class space    used 5537K, committed 5760K, reserved 1048576K
}

