# JRE version: OpenJDK Runtime Environment Temurin-17.0.7+7 (17.0.7+7) (build 17.0.7+7)
# Java VM: OpenJDK 64-Bit Server VM Temurin-17.0.7+7 (17.0.7+7, mixed mode, emulated-client, tiered, compressed oops, compressed class ptrs, g1 gc, windows-amd64)
GC Precious Log:
 CPUs: 8 total, 8 available
 Memory: 3889M
 Large Page Support: Disabled
 NUMA Support: Disabled
 Compressed Oops: Enabled (32-bit)
 Heap Region Size: 1M
 Heap Min Capacity: 8M
 Heap Initial Capacity: 62M
 Heap Max Capacity: 1G
 Pre-touch: Disabled
 Parallel Workers: 8
 Concurrent Workers: 2
 Concurrent Refinement Workers: 8
 Periodic GC: Disabled
Heap:
 garbage-first heap   total 429056K, used 120945K [0x00000000c0000000, 0x0000000100000000)
  region size 1024K, 21 young (21504K), 21 survivors (21504K)
 Metaspace       used 47894K, committed 48384K, reserved 1114112K
  class space    used 5814K, committed 6080K, reserved 1048576K
GC Heap History (20 events):
Event: 6.143 GC heap after
{Heap after GC invocations=19 (full 0):
 garbage-first heap   total 99328K, used 48358K [0x00000000c0000000, 0x0000000100000000)
  region size 1024K, 3 young (3072K), 3 survivors (3072K)
 Metaspace       used 39439K, committed 39808K, reserved 1114112K
  class space    used 4914K, committed 5120K, reserved 1048576K
}
Event: 6.416 GC heap before
{Heap before GC invocations=20 (full 0):
 garbage-first heap   total 99328K, used 73958K [0x00000000c0000000, 0x0000000100000000)
  region size 1024K, 28 young (28672K), 3 survivors (3072K)
 Metaspace       used 41091K, committed 41472K, reserved 1114112K
  class space    used 5033K, committed 5184K, reserved 1048576K
}
Event: 6.426 GC heap after
{Heap after GC invocations=21 (full 0):
 garbage-first heap   total 99328K, used 53552K [0x00000000c0000000, 0x0000000100000000)
  region size 1024K, 4 young (4096K), 4 survivors (4096K)
 Metaspace       used 41091K, committed 41472K, reserved 1114112K
  class space    used 5033K, committed 5184K, reserved 1048576K
}
Event: 6.433 GC heap before
{Heap before GC invocations=21 (full 0):
 garbage-first heap   total 99328K, used 54576K [0x00000000c0000000, 0x0000000100000000)
  region size 1024K, 5 young (5120K), 4 survivors (4096K)
 Metaspace       used 41098K, committed 41472K, reserved 1114112K
  class space    used 5035K, committed 5184K, reserved 1048576K
}
Event: 6.440 GC heap after
{Heap after GC invocations=22 (full 0):
 garbage-first heap   total 197632K, used 53990K [0x00000000c0000000, 0x0000000100000000)
  region size 1024K, 1 young (1024K), 1 survivors (1024K)
 Metaspace       used 41098K, committed 41472K, reserved 1114112K
  class space    used 5035K, committed 5184K, reserved 1048576K
}
Event: 6.882 GC heap before
{Heap before GC invocations=22 (full 0):
 garbage-first heap   total 197632K, used 136934K [0x00000000c0000000, 0x0000000100000000)
  region size 1024K, 82 young (83968K), 1 survivors (1024K)
 Metaspace       used 41462K, committed 41856K, reserved 1114112K
  class space    used 5091K, committed 5248K, reserved 1048576K
}
Event: 6.931 GC heap after
{Heap after GC invocations=23 (full 0):
 garbage-first heap   total 197632K, used 71875K [0x00000000c0000000, 0x0000000100000000)
  region size 1024K, 11 young (11264K), 11 survivors (11264K)
 Metaspace       used 41462K, committed 41856K, reserved 1114112K
  class space    used 5091K, committed 5248K, reserved 1048576K
}
Event: 7.004 GC heap before
{Heap before GC invocations=23 (full 0):
 garbage-first heap   total 197632K, used 135363K [0x00000000c0000000, 0x0000000100000000)
  region size 1024K, 74 young (75776K), 11 survivors (11264K)
 Metaspace       used 41462K, committed 41856K, reserved 1114112K
  class space    used 5091K, committed 5248K, reserved 1048576K
}
Event: 7.014 GC heap after
{Heap after GC invocations=24 (full 0):
 garbage-first heap   total 197632K, used 76440K [0x00000000c0000000, 0x0000000100000000)
  region size 1024K, 5 young (5120K), 5 survivors (5120K)
 Metaspace       used 41462K, committed 41856K, reserved 1114112K
  class space    used 5091K, committed 5248K, reserved 1048576K
}
Event: 7.071 GC heap before
{Heap before GC invocations=24 (full 0):
 garbage-first heap   total 197632K, used 139928K [0x00000000c0000000, 0x0000000100000000)
  region size 1024K, 68 young (69632K), 5 survivors (5120K)
 Metaspace       used 41462K, committed 41856K, reserved 1114112K
  class space    used 5091K, committed 5248K, reserved 1048576K
}
Event: 7.076 GC heap after
{Heap after GC invocations=25 (full 0):
 garbage-first heap   total 197632K, used 78844K [0x00000000c0000000, 0x0000000100000000)
  region size 1024K, 7 young (7168K), 7 survivors (7168K)
 Metaspace       used 41462K, committed 41856K, reserved 1114112K
  class space    used 5091K, committed 5248K, reserved 1048576K
}
Event: 7.145 GC heap before
{Heap before GC invocations=25 (full 0):
 garbage-first heap   total 197632K, used 146428K [0x00000000c0000000, 0x0000000100000000)
  region size 1024K, 74 young (75776K), 7 survivors (7168K)
 Metaspace       used 41515K, committed 41920K, reserved 1114112K
  class space    used 5098K, committed 5248K, reserved 1048576K
}
Event: 7.156 GC heap after
{Heap after GC invocations=26 (full 0):
 garbage-first heap   total 429056K, used 82080K [0x00000000c0000000, 0x0000000100000000)
  region size 1024K, 7 young (7168K), 7 survivors (7168K)
 Metaspace       used 41515K, committed 41920K, reserved 1114112K
  class space    used 5098K, committed 5248K, reserved 1048576K
}
Event: 7.796 GC heap before
{Heap before GC invocations=26 (full 0):
 garbage-first heap   total 429056K, used 287904K [0x00000000c0000000, 0x0000000100000000)
  region size 1024K, 209 young (214016K), 7 survivors (7168K)
 Metaspace       used 42282K, committed 42752K, reserved 1114112K
  class space    used 5165K, committed 5376K, reserved 1048576K
}
Event: 7.937 GC heap after
{Heap after GC invocations=27 (full 0):
 garbage-first heap   total 429056K, used 90535K [0x00000000c0000000, 0x0000000100000000)
  region size 1024K, 15 young (15360K), 15 survivors (15360K)
 Metaspace       used 42282K, committed 42752K, reserved 1114112K
  class space    used 5165K, committed 5376K, reserved 1048576K
}
Event: 8.585 GC heap before
{Heap before GC invocations=27 (full 0):
 garbage-first heap   total 429056K, used 331175K [0x00000000c0000000, 0x0000000100000000)
  region size 1024K, 251 young (257024K), 15 survivors (15360K)
 Metaspace       used 44718K, committed 45248K, reserved 1114112K
  class space    used 5400K, committed 5632K, reserved 1048576K
}
Event: 8.637 GC heap after
{Heap after GC invocations=28 (full 0):
 garbage-first heap   total 429056K, used 100263K [0x00000000c0000000, 0x0000000100000000)
  region size 1024K, 24 young (24576K), 24 survivors (24576K)
 Metaspace       used 44718K, committed 45248K, reserved 1114112K
  class space    used 5400K, committed 5632K, reserved 1048576K
}
Event: 9.179 GC heap before
{Heap before GC invocations=28 (full 0):
 garbage-first heap   total 429056K, used 331687K [0x00000000c0000000, 0x0000000100000000)
  region size 1024K, 251 young (257024K), 24 survivors (24576K)
 Metaspace       used 46206K, committed 46592K, reserved 1114112K
  class space    used 5595K, committed 5760K, reserved 1048576K
}
Event: 9.378 GC heap after
{Heap after GC invocations=29 (full 0):
 garbage-first heap   total 429056K, used 110849K [0x00000000c0000000, 0x0000000100000000)
  region size 1024K, 21 young (21504K), 21 survivors (21504K)
 Metaspace       used 46206K, committed 46592K, reserved 1114112K
  class space    used 5595K, committed 5760K, reserved 1048576K
}
Event: 9.782 GC heap before
{Heap before GC invocations=29 (full 0):
 garbage-first heap   total 429056K, used 344321K [0x00000000c0000000, 0x0000000100000000)
  region size 1024K, 250 young (256000K), 21 survivors (21504K)
 Metaspace       used 47894K, committed 48384K, reserved 1114112K
  class space    used 5814K, committed 6080K, reserved 1048576K
}

